This is pdfTeX, Version 3.141592653-2.6-1.40.25 (TeX Live 2023) (preloaded format=pdflatex 2024.1.15)  15 FEB 2024 14:07
entering extended mode
 restricted \write18 enabled.
 %&-line parsing enabled.
**06_Part1_Crafting_Reports.tex
(./06_Part1_Crafting_Reports.tex
LaTeX2e <2023-11-01>
L3 programming layer <2024-01-04>

! LaTeX Error: File `beamer.cls' not found.

Type X to quit or <RETURN> to proceed,
or enter new name. (Default extension: cls)

Enter file name: 
! Emergency stop.
<read *> 
         
l.8 \usepackage
               {pgfpages}^^M 
Here is how much of TeX's memory you used:
 29 strings out of 476126
 679 string characters out of 5794608
 1924525 words of memory out of 5000000
 22186 multiletter control sequences out of 15000+600000
 558069 words of font info for 36 fonts, out of 8000000 for 9000
 14 hyphenation exceptions out of 8191
 19i,0n,29p,104b,17s stack positions out of 10000i,1000n,20000p,200000b,200000s

!  ==> Fatal error occurred, no output PDF file produced!
